<?xml version="1.0" encoding="UTF-8"?>
<!-- Generated by org.testng.reporters.JUnitXMLReporter -->
<testsuite hostname="jaziel" name="Default test" tests="8" failures="0" timestamp="6 Aug 2016 03:15:40 GMT" time="0.402" errors="0">
  <testcase name="" time="0.042" classname="nz.co.springrestjpa.controllers.CustomerRestControllerTest"/>
  <testcase name="" time="0.002" classname="nz.co.springrestjpa.controllers.CustomerRestControllerTest"/>
  <testcase name="" time="0.002" classname="nz.co.springrestjpa.controllers.CustomerRestControllerTest"/>
  <testcase name="" time="0.001" classname="nz.co.springrestjpa.controllers.CustomerRestControllerTest"/>
  <testcase name="" time="0.002" classname="nz.co.springrestjpa.controllers.CustomerRestControllerTest"/>
  <testcase name="" time="0.002" classname="nz.co.springrestjpa.controllers.CustomerRestControllerTest"/>
  <testcase name="" time="0.001" classname="nz.co.springrestjpa.controllers.CustomerRestControllerTest"/>
  <testcase name="" time="0.002" classname="nz.co.springrestjpa.controllers.CustomerRestControllerTest"/>
</testsuite> <!-- Default test -->
