<?xml version="1.0" encoding="UTF-8"?>
<testng-results skipped="0" failed="0" total="8" passed="8">
  <reporter-output>
  </reporter-output>
  <suite name="Default suite" duration-ms="402" started-at="2016-08-06T03:15:39Z" finished-at="2016-08-06T03:15:40Z">
    <groups>
    </groups>
    <test name="Default test" duration-ms="402" started-at="2016-08-06T03:15:39Z" finished-at="2016-08-06T03:15:40Z">
      <class name="nz.co.springrestjpa.controllers.CustomerRestControllerTest">
        <test-method status="PASS" signature="setUp()[pri:0, instance:nz.co.springrestjpa.controllers.CustomerRestControllerTest@1e397ed7]" test-instance-name="" name="setUp" is-config="true" duration-ms="303" started-at="2016-08-06T15:15:39Z" finished-at="2016-08-06T15:15:39Z">
          <reporter-output>
          </reporter-output>
        </test-method> <!-- setUp -->
        <test-method status="PASS" signature="testCreateCustomer()[pri:0, instance:nz.co.springrestjpa.controllers.CustomerRestControllerTest@1e397ed7]" test-instance-name="" name="testCreateCustomer" duration-ms="42" started-at="2016-08-06T15:15:39Z" finished-at="2016-08-06T15:15:40Z">
          <reporter-output>
          </reporter-output>
        </test-method> <!-- testCreateCustomer -->
        <test-method status="PASS" signature="testCreateCustomerEmptyName()[pri:0, instance:nz.co.springrestjpa.controllers.CustomerRestControllerTest@1e397ed7]" test-instance-name="" name="testCreateCustomerEmptyName" duration-ms="2" started-at="2016-08-06T15:15:40Z" finished-at="2016-08-06T15:15:40Z">
          <exception class="java.lang.Exception">
            <message>
              <![CDATA[Customer name is empty!]]>
            </message>
            <full-stacktrace>
              <![CDATA[java.lang.Exception: Customer name is empty!
	at nz.co.springrestjpa.controllers.CustomerRestController.createCustomer(CustomerRestController.java:48)
	at nz.co.springrestjpa.controllers.CustomerRestControllerTest.testCreateCustomerEmptyName(CustomerRestControllerTest.java:100)
	at sun.reflect.NativeMethodAccessorImpl.invoke0(Native Method)
	at sun.reflect.NativeMethodAccessorImpl.invoke(NativeMethodAccessorImpl.java:62)
	at sun.reflect.DelegatingMethodAccessorImpl.invoke(DelegatingMethodAccessorImpl.java:43)
	at java.lang.reflect.Method.invoke(Method.java:498)
	at org.testng.internal.MethodInvocationHelper.invokeMethod(MethodInvocationHelper.java:86)
	at org.testng.internal.Invoker.invokeMethod(Invoker.java:643)
	at org.testng.internal.Invoker.invokeTestMethod(Invoker.java:820)
	at org.testng.internal.Invoker.invokeTestMethods(Invoker.java:1128)
	at org.testng.internal.TestMethodWorker.invokeTestMethods(TestMethodWorker.java:129)
	at org.testng.internal.TestMethodWorker.run(TestMethodWorker.java:112)
	at org.testng.TestRunner.privateRun(TestRunner.java:782)
	at org.testng.TestRunner.run(TestRunner.java:632)
	at org.testng.SuiteRunner.runTest(SuiteRunner.java:366)
	at org.testng.SuiteRunner.runSequentially(SuiteRunner.java:361)
	at org.testng.SuiteRunner.privateRun(SuiteRunner.java:319)
	at org.testng.SuiteRunner.run(SuiteRunner.java:268)
	at org.testng.SuiteRunnerWorker.runSuite(SuiteRunnerWorker.java:52)
	at org.testng.SuiteRunnerWorker.run(SuiteRunnerWorker.java:86)
	at org.testng.TestNG.runSuitesSequentially(TestNG.java:1244)
	at org.testng.TestNG.runSuitesLocally(TestNG.java:1169)
	at org.testng.TestNG.run(TestNG.java:1064)
	at org.testng.remote.AbstractRemoteTestNG.run(AbstractRemoteTestNG.java:126)
	at org.testng.remote.RemoteTestNG.initAndRun(RemoteTestNG.java:152)
	at org.testng.remote.RemoteTestNG.main(RemoteTestNG.java:57)
]]>
            </full-stacktrace>
          </exception> <!-- java.lang.Exception -->
          <reporter-output>
          </reporter-output>
        </test-method> <!-- testCreateCustomerEmptyName -->
        <test-method status="PASS" signature="testCreateCustomerInvalidPhone()[pri:0, instance:nz.co.springrestjpa.controllers.CustomerRestControllerTest@1e397ed7]" test-instance-name="" name="testCreateCustomerInvalidPhone" duration-ms="2" started-at="2016-08-06T15:15:40Z" finished-at="2016-08-06T15:15:40Z">
          <exception class="java.lang.Exception">
            <message>
              <![CDATA[Customer telephone is invalid!]]>
            </message>
            <full-stacktrace>
              <![CDATA[java.lang.Exception: Customer telephone is invalid!
	at nz.co.springrestjpa.controllers.CustomerRestController.createCustomer(CustomerRestController.java:58)
	at nz.co.springrestjpa.controllers.CustomerRestControllerTest.testCreateCustomerInvalidPhone(CustomerRestControllerTest.java:110)
	at sun.reflect.NativeMethodAccessorImpl.invoke0(Native Method)
	at sun.reflect.NativeMethodAccessorImpl.invoke(NativeMethodAccessorImpl.java:62)
	at sun.reflect.DelegatingMethodAccessorImpl.invoke(DelegatingMethodAccessorImpl.java:43)
	at java.lang.reflect.Method.invoke(Method.java:498)
	at org.testng.internal.MethodInvocationHelper.invokeMethod(MethodInvocationHelper.java:86)
	at org.testng.internal.Invoker.invokeMethod(Invoker.java:643)
	at org.testng.internal.Invoker.invokeTestMethod(Invoker.java:820)
	at org.testng.internal.Invoker.invokeTestMethods(Invoker.java:1128)
	at org.testng.internal.TestMethodWorker.invokeTestMethods(TestMethodWorker.java:129)
	at org.testng.internal.TestMethodWorker.run(TestMethodWorker.java:112)
	at org.testng.TestRunner.privateRun(TestRunner.java:782)
	at org.testng.TestRunner.run(TestRunner.java:632)
	at org.testng.SuiteRunner.runTest(SuiteRunner.java:366)
	at org.testng.SuiteRunner.runSequentially(SuiteRunner.java:361)
	at org.testng.SuiteRunner.privateRun(SuiteRunner.java:319)
	at org.testng.SuiteRunner.run(SuiteRunner.java:268)
	at org.testng.SuiteRunnerWorker.runSuite(SuiteRunnerWorker.java:52)
	at org.testng.SuiteRunnerWorker.run(SuiteRunnerWorker.java:86)
	at org.testng.TestNG.runSuitesSequentially(TestNG.java:1244)
	at org.testng.TestNG.runSuitesLocally(TestNG.java:1169)
	at org.testng.TestNG.run(TestNG.java:1064)
	at org.testng.remote.AbstractRemoteTestNG.run(AbstractRemoteTestNG.java:126)
	at org.testng.remote.RemoteTestNG.initAndRun(RemoteTestNG.java:152)
	at org.testng.remote.RemoteTestNG.main(RemoteTestNG.java:57)
]]>
            </full-stacktrace>
          </exception> <!-- java.lang.Exception -->
          <reporter-output>
          </reporter-output>
        </test-method> <!-- testCreateCustomerInvalidPhone -->
        <test-method status="PASS" signature="testDeleteCustomer()[pri:0, instance:nz.co.springrestjpa.controllers.CustomerRestControllerTest@1e397ed7]" test-instance-name="" name="testDeleteCustomer" duration-ms="1" started-at="2016-08-06T15:15:40Z" finished-at="2016-08-06T15:15:40Z">
          <reporter-output>
          </reporter-output>
        </test-method> <!-- testDeleteCustomer -->
        <test-method status="PASS" signature="testDeleteCustomerBadRequest()[pri:0, instance:nz.co.springrestjpa.controllers.CustomerRestControllerTest@1e397ed7]" test-instance-name="" name="testDeleteCustomerBadRequest" duration-ms="2" started-at="2016-08-06T15:15:40Z" finished-at="2016-08-06T15:15:40Z">
          <reporter-output>
          </reporter-output>
        </test-method> <!-- testDeleteCustomerBadRequest -->
        <test-method status="PASS" signature="testGetCustomer()[pri:0, instance:nz.co.springrestjpa.controllers.CustomerRestControllerTest@1e397ed7]" test-instance-name="" name="testGetCustomer" duration-ms="2" started-at="2016-08-06T15:15:40Z" finished-at="2016-08-06T15:15:40Z">
          <reporter-output>
          </reporter-output>
        </test-method> <!-- testGetCustomer -->
        <test-method status="PASS" signature="testUpdateCustomer()[pri:0, instance:nz.co.springrestjpa.controllers.CustomerRestControllerTest@1e397ed7]" test-instance-name="" name="testUpdateCustomer" duration-ms="1" started-at="2016-08-06T15:15:40Z" finished-at="2016-08-06T15:15:40Z">
          <reporter-output>
          </reporter-output>
        </test-method> <!-- testUpdateCustomer -->
        <test-method status="PASS" signature="testgetCustomers()[pri:0, instance:nz.co.springrestjpa.controllers.CustomerRestControllerTest@1e397ed7]" test-instance-name="" name="testgetCustomers" duration-ms="2" started-at="2016-08-06T15:15:40Z" finished-at="2016-08-06T15:15:40Z">
          <reporter-output>
          </reporter-output>
        </test-method> <!-- testgetCustomers -->
      </class> <!-- nz.co.springrestjpa.controllers.CustomerRestControllerTest -->
    </test> <!-- Default test -->
  </suite> <!-- Default suite -->
</testng-results>
